<?xml version="1.0" encoding="UTF-8"?>
<testsuite xmlns:xsi="http://www.w3.org/2001/XMLSchema-instance" xsi:noNamespaceSchemaLocation="https://maven.apache.org/surefire/maven-surefire-plugin/xsd/surefire-test-report-3.0.xsd" version="3.0" name="org.cranberry.statement.AnnotationNotNullTest" time="0.016" tests="2" errors="0" skipped="0" failures="0">
  <properties>
    <property name="gopherProxySet" value="false"/>
    <property name="awt.toolkit" value="sun.lwawt.macosx.LWCToolkit"/>
    <property name="java.specification.version" value="11"/>
    <property name="sun.cpu.isalist" value=""/>
    <property name="sun.jnu.encoding" value="UTF-8"/>
    <property name="java.class.path" value="/Volumes/JetSD/Documents/workspace/cranberry-project/cranberry-pie/cranberry-tests/target/test-classes:/Volumes/JetSD/Documents/workspace/cranberry-project/cranberry-pie/cranberry-tests/target/classes:/Users/ol_lx/.m2/repository/org/junit/jupiter/junit-jupiter-engine/5.5.2/junit-jupiter-engine-5.5.2.jar:/Users/ol_lx/.m2/repository/org/apiguardian/apiguardian-api/1.1.0/apiguardian-api-1.1.0.jar:/Users/ol_lx/.m2/repository/org/junit/platform/junit-platform-engine/1.5.2/junit-platform-engine-1.5.2.jar:/Users/ol_lx/.m2/repository/org/junit/jupiter/junit-jupiter-params/5.5.2/junit-jupiter-params-5.5.2.jar:/Users/ol_lx/.m2/repository/org/junit/jupiter/junit-jupiter-api/5.5.2/junit-jupiter-api-5.5.2.jar:/Users/ol_lx/.m2/repository/org/opentest4j/opentest4j/1.2.0/opentest4j-1.2.0.jar:/Users/ol_lx/.m2/repository/org/junit/platform/junit-platform-commons/1.5.2/junit-platform-commons-1.5.2.jar:/Volumes/JetSD/Documents/workspace/cranberry-project/cranberry-pie/cranberry-muffin/target/cranberry-muffin-0.1.0.jar:/Volumes/JetSD/Documents/workspace/cranberry-project/cranberry-pie/cranberry-statement/target/cranberry-statement-0.1.0.jar:/Volumes/JetSD/Documents/workspace/cranberry-project/cranberry-pie/cranberry-engine/target/cranberry-engine-0.1.0.jar:"/>
    <property name="java.vm.vendor" value="Oracle Corporation"/>
    <property name="sun.arch.data.model" value="64"/>
    <property name="java.vendor.url" value="http://java.oracle.com/"/>
    <property name="user.timezone" value=""/>
    <property name="java.vm.specification.version" value="11"/>
    <property name="os.name" value="Mac OS X"/>
    <property name="sun.java.launcher" value="SUN_STANDARD"/>
    <property name="user.country" value="RU"/>
    <property name="sun.boot.library.path" value="/Library/Java/JavaVirtualMachines/jdk-11.0.1.jdk/Contents/Home/lib"/>
    <property name="sun.java.command" value="/Volumes/JetSD/Documents/workspace/cranberry-project/cranberry-pie/cranberry-tests/target/surefire/surefirebooter13751466775330559670.jar /Volumes/JetSD/Documents/workspace/cranberry-project/cranberry-pie/cranberry-tests/target/surefire 2020-04-17T20-29-48_036-jvmRun1 surefire14080470272305269817tmp surefire_013498982317509483917tmp"/>
    <property name="jdk.debug" value="release"/>
    <property name="surefire.test.class.path" value="/Volumes/JetSD/Documents/workspace/cranberry-project/cranberry-pie/cranberry-tests/target/test-classes:/Volumes/JetSD/Documents/workspace/cranberry-project/cranberry-pie/cranberry-tests/target/classes:/Users/ol_lx/.m2/repository/org/junit/jupiter/junit-jupiter-engine/5.5.2/junit-jupiter-engine-5.5.2.jar:/Users/ol_lx/.m2/repository/org/apiguardian/apiguardian-api/1.1.0/apiguardian-api-1.1.0.jar:/Users/ol_lx/.m2/repository/org/junit/platform/junit-platform-engine/1.5.2/junit-platform-engine-1.5.2.jar:/Users/ol_lx/.m2/repository/org/junit/jupiter/junit-jupiter-params/5.5.2/junit-jupiter-params-5.5.2.jar:/Users/ol_lx/.m2/repository/org/junit/jupiter/junit-jupiter-api/5.5.2/junit-jupiter-api-5.5.2.jar:/Users/ol_lx/.m2/repository/org/opentest4j/opentest4j/1.2.0/opentest4j-1.2.0.jar:/Users/ol_lx/.m2/repository/org/junit/platform/junit-platform-commons/1.5.2/junit-platform-commons-1.5.2.jar:/Volumes/JetSD/Documents/workspace/cranberry-project/cranberry-pie/cranberry-muffin/target/cranberry-muffin-0.1.0.jar:/Volumes/JetSD/Documents/workspace/cranberry-project/cranberry-pie/cranberry-statement/target/cranberry-statement-0.1.0.jar:/Volumes/JetSD/Documents/workspace/cranberry-project/cranberry-pie/cranberry-engine/target/cranberry-engine-0.1.0.jar:"/>
    <property name="sun.cpu.endian" value="little"/>
    <property name="user.home" value="/Users/ol_lx"/>
    <property name="user.language" value="ru"/>
    <property name="java.specification.vendor" value="Oracle Corporation"/>
    <property name="java.version.date" value="2018-10-16"/>
    <property name="java.home" value="/Library/Java/JavaVirtualMachines/jdk-11.0.1.jdk/Contents/Home"/>
    <property name="file.separator" value="/"/>
    <property name="basedir" value="/Volumes/JetSD/Documents/workspace/cranberry-project/cranberry-pie/cranberry-tests"/>
    <property name="java.vm.compressedOopsMode" value="Zero based"/>
    <property name="line.separator" value="&#10;"/>
    <property name="java.specification.name" value="Java Platform API Specification"/>
    <property name="java.vm.specification.vendor" value="Oracle Corporation"/>
    <property name="java.awt.graphicsenv" value="sun.awt.CGraphicsEnvironment"/>
    <property name="surefire.real.class.path" value="/Volumes/JetSD/Documents/workspace/cranberry-project/cranberry-pie/cranberry-tests/target/surefire/surefirebooter13751466775330559670.jar"/>
    <property name="sun.management.compiler" value="HotSpot 64-Bit Tiered Compilers"/>
    <property name="java.runtime.version" value="11.0.1+13-LTS"/>
    <property name="user.name" value="ol_lx"/>
    <property name="path.separator" value=":"/>
    <property name="os.version" value="10.15.4"/>
    <property name="java.runtime.name" value="Java(TM) SE Runtime Environment"/>
    <property name="file.encoding" value="UTF-8"/>
    <property name="java.vm.name" value="Java HotSpot(TM) 64-Bit Server VM"/>
    <property name="java.vendor.version" value="18.9"/>
    <property name="localRepository" value="/Users/ol_lx/.m2/repository"/>
    <property name="java.vendor.url.bug" value="http://bugreport.java.com/bugreport/"/>
    <property name="java.io.tmpdir" value="/var/folders/xf/wjks0sbn74lfkxpf08qw3k580000gn/T/"/>
    <property name="java.version" value="11.0.1"/>
    <property name="user.dir" value="/Volumes/JetSD/Documents/workspace/cranberry-project/cranberry-pie/cranberry-tests"/>
    <property name="os.arch" value="x86_64"/>
    <property name="java.vm.specification.name" value="Java Virtual Machine Specification"/>
    <property name="java.awt.printerjob" value="sun.lwawt.macosx.CPrinterJob"/>
    <property name="sun.os.patch.level" value="unknown"/>
    <property name="java.library.path" value="/Users/ol_lx/Library/Java/Extensions:/Library/Java/Extensions:/Network/Library/Java/Extensions:/System/Library/Java/Extensions:/usr/lib/java:."/>
    <property name="java.vendor" value="Oracle Corporation"/>
    <property name="java.vm.info" value="mixed mode"/>
    <property name="java.vm.version" value="11.0.1+13-LTS"/>
    <property name="sun.io.unicode.encoding" value="UnicodeBig"/>
    <property name="java.class.version" value="55.0"/>
  </properties>
  <testcase name="expectedNotNullException" classname="org.cranberry.statement.AnnotationNotNullTest" time="0.003"/>
  <testcase name="unexpectedNotNullException" classname="org.cranberry.statement.AnnotationNotNullTest" time="0.001"/>
</testsuite>